{"blocknumber":"6","chaincodeid":"fabcarcc","timestamp":"2019-09-03T08:44:37.691Z","values":[{"key":"CAR0","is_delete":false,"value":"{\"make\":\"Toyota\",\"model\":\"Prius\",\"colour\":\"blue\",\"owner\":\"Tomoko\"}"},{"key":"CAR1","is_delete":false,"value":"{\"make\":\"Ford\",\"model\":\"Mustang\",\"colour\":\"red\",\"owner\":\"Brad\"}"},{"key":"CAR2","is_delete":false,"value":"{\"make\":\"Hyundai\",\"model\":\"Tucson\",\"colour\":\"green\",\"owner\":\"Jin Soo\"}"},{"key":"CAR3","is_delete":false,"value":"{\"make\":\"Volkswagen\",\"model\":\"Passat\",\"colour\":\"yellow\",\"owner\":\"Max\"}"},{"key":"CAR4","is_delete":false,"value":"{\"make\":\"Tesla\",\"model\":\"S\",\"colour\":\"black\",\"owner\":\"Adriana\"}"},{"key":"CAR5","is_delete":false,"value":"{\"make\":\"Peugeot\",\"model\":\"205\",\"colour\":\"purple\",\"owner\":\"Michel\"}"},{"key":"CAR6","is_delete":false,"value":"{\"make\":\"Chery\",\"model\":\"S22L\",\"colour\":\"white\",\"owner\":\"Aarav\"}"},{"key":"CAR7","is_delete":false,"value":"{\"make\":\"Fiat\",\"model\":\"Punto\",\"colour\":\"violet\",\"owner\":\"Pari\"}"},{"key":"CAR8","is_delete":false,"value":"{\"make\":\"Tata\",\"model\":\"Nano\",\"colour\":\"indigo\",\"owner\":\"Valeria\"}"},{"key":"CAR9","is_delete":false,"value":"{\"make\":\"Holden\",\"model\":\"Barina\",\"colour\":\"brown\",\"owner\":\"Shotaro\"}"}]}
{"blocknumber":"7","chaincodeid":"fabcarcc","timestamp":"2019-09-03T09:17:02.997Z","values":[{"key":"CAR10","is_delete":false,"value":"{\"make\":\"RED\",\"model\":\"FERRARI\",\"colour\":\"SF90\",\"owner\":\"ABEL\"}"}]}
{"blocknumber":"9","chaincodeid":"fabcarcc","timestamp":"2019-09-03T09:32:25.192Z","values":[{"key":"CAR11","is_delete":false,"value":"{\"make\":\"SILVER\",\"model\":\"MERCEDES\",\"colour\":\"W10\",\"owner\":\"DENNIS\"}"}]}
{"blocknumber":"10","chaincodeid":"fabcarcc","timestamp":"2019-10-03T04:17:49.032Z","values":[{"key":"CAR12","is_delete":false,"value":"{\"make\":\"Honda\",\"model\":\"Accord\",\"colour\":\"Black\",\"owner\":\"Tom\"}"}]}
{"blocknumber":"11","chaincodeid":"fabcarcc","timestamp":"2019-10-03T05:54:53.427Z","values":[{"key":" CAR13","is_delete":false,"value":"{\"make\":\" Pagani\",\"model\":\" Zonda\",\"colour\":\" brown\",\"owner\":\" quavo\"}"}]}
{"blocknumber":"12","chaincodeid":"fabcarcc","timestamp":"2019-10-03T05:56:44.234Z","values":[{"key":" CAR13","is_delete":false,"value":"{\"make\":\" Pagani\",\"model\":\" Zonda\",\"colour\":\" brown\",\"owner\":\" quavo\"}"}]}
{"blocknumber":"13","chaincodeid":"fabcarcc","timestamp":"2019-10-03T05:59:00.212Z","values":[{"key":" CAR13","is_delete":false,"value":"{\"make\":\" Pagani\",\"model\":\" Zonda\",\"colour\":\" brown\",\"owner\":\" quavo\"}"}]}
{"blocknumber":"14","chaincodeid":"fabcarcc","timestamp":"2019-10-03T06:03:53.772Z","values":[{"key":" 'CAR13'","is_delete":false,"value":"{\"make\":\" 'Pagani'\",\"model\":\" 'Zonda'\",\"colour\":\" 'brown'\",\"owner\":\" 'quavo'\"}"}]}
{"blocknumber":"15","chaincodeid":"fabcarcc","timestamp":"2019-10-03T06:10:31.944Z","values":[{"key":" 'CAR13'","is_delete":false,"value":"{\"make\":\" 'Pagani'\",\"model\":\" 'Zonda'\",\"colour\":\" 'brown'\",\"owner\":\" 'quavo'\"}"}]}
{"blocknumber":"16","chaincodeid":"fabcarcc","timestamp":"2019-10-03T06:13:09.318Z","values":[{"key":" CAR13","is_delete":false,"value":"{\"make\":\" Pagani\",\"model\":\" Zonda\",\"colour\":\" brown\",\"owner\":\" quavo\"}"}]}
{"blocknumber":"17","chaincodeid":"fabcarcc","timestamp":"2019-10-03T06:22:05.661Z","values":[{"key":" CAR13","is_delete":false,"value":"{\"make\":\" Pagani\",\"model\":\" Zonda\",\"colour\":\" brown\",\"owner\":\" quavo\"}"}]}
{"blocknumber":"18","chaincodeid":"fabcarcc","timestamp":"2019-10-03T06:23:29.452Z","values":[{"key":" CAR13","is_delete":false,"value":"{\"make\":\" Pagani\",\"model\":\" Zonda\",\"colour\":\" brown\",\"owner\":\" quavo\"}"}]}
{"blocknumber":"19","chaincodeid":"fabcarcc","timestamp":"2019-10-03T06:28:02.694Z","values":[{"key":"CAR13","is_delete":false,"value":"{\"make\":\"Redbull\",\"model\":\"RB15\",\"colour\":\"Blue\",\"owner\":\"Max\"}"}]}
{"blocknumber":"20","chaincodeid":"fabcarcc","timestamp":"2019-10-03T06:36:28.340Z","values":[{"key":" 'CAR14'","is_delete":false,"value":"{\"make\":\" 'Pagani'\",\"model\":\" 'Zonda'\",\"colour\":\" 'brown'\",\"owner\":\" 'quavo'\"}"}]}
{"blocknumber":"21","chaincodeid":"fabcarcc","timestamp":"2019-10-03T06:37:57.253Z","values":[{"key":" CAR14","is_delete":false,"value":"{\"make\":\" Pagani\",\"model\":\" Zonda\",\"colour\":\" brown\",\"owner\":\" quavo\"}"}]}
{"blocknumber":"22","chaincodeid":"fabcarcc","timestamp":"2019-10-03T06:47:13.519Z","values":[{"key":" CAR14","is_delete":false,"value":"{\"make\":\" Pagani\",\"model\":\" Zonda\",\"colour\":\" brown\",\"owner\":\" quavo\"}"}]}
{"blocknumber":"23","chaincodeid":"fabcarcc","timestamp":"2019-10-03T06:51:11.392Z","values":[{"key":" CAR14","is_delete":false,"value":"{\"make\":\" Pagani\",\"model\":\" Zonda\",\"colour\":\" brown\",\"owner\":\" quavo\"}"}]}
{"blocknumber":"24","chaincodeid":"fabcarcc","timestamp":"2019-10-03T07:01:48.022Z","values":[{"key":" CAR14","is_delete":false,"value":"{\"make\":\" Pagani\",\"model\":\" Zonda\",\"colour\":\" brown\",\"owner\":\" quavo\"}"}]}
{"blocknumber":"25","chaincodeid":"fabcarcc","timestamp":"2019-10-03T07:04:15.957Z","values":[{"key":"CAR14","is_delete":false,"value":"{\"make\":\"Renault\",\"model\":\"Rs13\",\"colour\":\"Yellow\",\"owner\":\"Cyril\"}"}]}
{"blocknumber":"26","chaincodeid":"fabcarcc","timestamp":"2019-10-03T07:06:13.027Z","values":[{"key":"CAR15","is_delete":false,"value":"{\"make\":\"Alfa\",\"model\":\"Rum\",\"colour\":\"Maroon\",\"owner\":\"Gio\"}"}]}
{"blocknumber":"27","chaincodeid":"fabcarcc","timestamp":"2019-10-03T07:09:17.636Z","values":[{"key":"CAR15","is_delete":false,"value":"{\"make\":\"AlfaRomeo\",\"model\":\"Rum\",\"colour\":\"Maroon\",\"owner\":\"Gio\"}"}]}
{"blocknumber":"28","chaincodeid":"fabcarcc","timestamp":"2019-10-03T08:56:26.722Z","values":[{"key":" CAR16","is_delete":false,"value":"{\"make\":\" Pagani\",\"model\":\" Zonda\",\"colour\":\" brown\",\"owner\":\" quavo\"}"}]}
{"blocknumber":"29","chaincodeid":"fabcarcc","timestamp":"2019-10-03T08:57:42.315Z","values":[{"key":" CAR16","is_delete":false,"value":"{\"make\":\" Pagani\",\"model\":\" Zonda\",\"colour\":\" brown\",\"owner\":\" quavo\"}"}]}
{"blocknumber":"30","chaincodeid":"fabcarcc","timestamp":"2019-10-03T09:04:55.291Z","values":[{"key":" CAR16","is_delete":false,"value":"{\"make\":\" Pagani\",\"model\":\" Zonda\",\"colour\":\" brown\",\"owner\":\" quavo\"}"}]}
{"blocknumber":"31","chaincodeid":"fabcarcc","timestamp":"2019-10-03T09:05:24.319Z","values":[{"key":" CAR16","is_delete":false,"value":"{\"make\":\" Pagani\",\"model\":\" Zonda\",\"colour\":\" brown\",\"owner\":\" quavo\"}"}]}
{"blocknumber":"32","chaincodeid":"fabcarcc","timestamp":"2019-10-03T09:06:24.570Z","values":[{"key":" CAR16","is_delete":false,"value":"{\"make\":\" Pagani\",\"model\":\" Zonda\",\"colour\":\" brown\",\"owner\":\" quavo\"}"}]}
{"blocknumber":"33","chaincodeid":"fabcarcc","timestamp":"2019-10-03T09:08:09.186Z","values":[{"key":"CAR16","is_delete":false,"value":"{\"make\":\"Pagani\",\"model\":\"Zonda\",\"colour\":\"brown\",\"owner\":\"quavo\"}"}]}
{"blocknumber":"34","chaincodeid":"fabcarcc","timestamp":"2019-10-03T09:11:25.884Z","values":[{"key":"CAR17","is_delete":false,"value":"{\"make\":\"Kognesegg\",\"model\":\"Hyura\",\"colour\":\"Silver\",\"owner\":\"Tony\"}"}]}
{"blocknumber":"35","chaincodeid":"fabcarcc","timestamp":"2019-10-03T09:12:56.559Z","values":[{"key":"CAR17","is_delete":false,"value":"{\"make\":\"Kognesegg\",\"model\":\"Hyura\",\"colour\":\"Silver\",\"owner\":\"Abel\"}"}]}
{"blocknumber":"36","chaincodeid":"fabcarcc","timestamp":"2019-10-03T09:26:50.436Z","values":[{"key":"CAR17","is_delete":false,"value":"{\"make\":\"Kognesegg\",\"model\":\"Hyura\",\"colour\":\"Silver\",\"owner\":\"Dennis\"}"}]}
{"blocknumber":"37","chaincodeid":"fabcarcc","timestamp":"2019-10-03T09:27:45.787Z","values":[{"key":"CAR17","is_delete":false,"value":"{\"make\":\"Kognesegg\",\"model\":\"Hyura\",\"colour\":\"Silver\",\"owner\":\"Vivek\"}"}]}
{"blocknumber":"38","chaincodeid":"fabcarcc","timestamp":"2019-10-03T09:27:59.376Z","values":[{"key":"CAR17","is_delete":false,"value":"{\"make\":\"Kognesegg\",\"model\":\"Hyura\",\"colour\":\"Silver\",\"owner\":\"Soumya\"}"}]}
{"blocknumber":"39","chaincodeid":"fabcarcc","timestamp":"2019-10-03T11:37:12.001Z","values":[{"key":"CAR18","is_delete":false,"value":"{\"make\":\"Lambo\",\"model\":\"Aventador\",\"colour\":\"Blue\",\"owner\":\"Megha\"}"}]}
{"blocknumber":"40","chaincodeid":"fabcarcc","timestamp":"2019-10-03T11:45:31.478Z","values":[{"key":"CAR19","is_delete":false,"value":"{\"make\":\"Chevrolet\",\"model\":\"Impala\",\"colour\":\"Black\",\"owner\":\"Bumblebee\"}"}]}
{"blocknumber":"41","chaincodeid":"fabcarcc","timestamp":"2019-10-03T11:48:26.454Z","values":[{"key":"CAR19","is_delete":false,"value":"{\"make\":\"Chevrolet\",\"model\":\"Impala\",\"colour\":\"Black\",\"owner\":\"Prime\"}"}]}
{"blocknumber":"42","chaincodeid":"fabcarcc","timestamp":"2019-10-03T11:50:34.714Z","values":[{"key":"CAR19","is_delete":false,"value":"{\"make\":\"Chevrolet\",\"model\":\"Impala\",\"colour\":\"Black\",\"owner\":\"Ironhide\"}"}]}
{"blocknumber":"43","chaincodeid":"fabcarcc","timestamp":"2019-10-03T12:05:59.757Z","values":[{"key":"CAR20","is_delete":false,"value":"{\"make\":\"Marussia\",\"model\":\"Boris\",\"colour\":\"Red\",\"owner\":\"Anna\"}"}]}
{"blocknumber":"44","chaincodeid":"fabcarcc","timestamp":"2019-10-03T12:07:03.888Z","values":[{"key":"CAR20","is_delete":false,"value":"{\"make\":\"Marussia\",\"model\":\"Boris\",\"colour\":\"Red\",\"owner\":\"Annadad\"}"}]}
{"blocknumber":"45","chaincodeid":"fabcarcc","timestamp":"2019-10-14T05:49:36.017Z","values":[{"key":"CAR21","is_delete":false,"value":"{\"make\":\"Lada\",\"model\":\"Putin\",\"colour\":\"furry\",\"owner\":\"Dmitry\"}"}]}
{"blocknumber":"46","chaincodeid":"fabcarcc","timestamp":"2019-10-14T05:55:14.295Z","values":[{"key":"CAR21","is_delete":false,"value":"{\"make\":\"Lada\",\"model\":\"Putin\",\"colour\":\"furry\",\"owner\":\"Kowalski\"}"}]}
{"blocknumber":"47","chaincodeid":"fabcarcc","timestamp":"2019-10-14T08:43:25.756Z","values":[{"key":"CAR21","is_delete":false,"value":"{\"make\":\"Lada\",\"model\":\"Putin\",\"colour\":\"furry\",\"owner\":\"Vivek\"}"}]}
